2025-09-28 11:39:45 [com.xxl.job.core.thread.JobThread#run]-[130]-[Thread-32] <br>----------- xxl-job job execute start -----------<br>----------- Param:
2025-09-28 11:40:46 [com.xxl.job.core.thread.JobThread#run]-[201]-[Thread-32] <br>----------- JobThread Exception:java.lang.reflect.InvocationTargetException
	at sun.reflect.NativeMethodAccessorImpl.invoke0(Native Method)
	at sun.reflect.NativeMethodAccessorImpl.invoke(NativeMethodAccessorImpl.java:62)
	at sun.reflect.DelegatingMethodAccessorImpl.invoke(DelegatingMethodAccessorImpl.java:43)
	at java.lang.reflect.Method.invoke(Method.java:498)
	at com.xxl.job.core.handler.impl.MethodJobHandler.execute(MethodJobHandler.java:31)
	at com.xxl.job.core.thread.JobThread.run(JobThread.java:163)
Caused by: java.lang.IllegalArgumentException: To address must not be null
	at org.springframework.util.Assert.notNull(Assert.java:201)
	at org.springframework.mail.javamail.MimeMessageHelper.setTo(MimeMessageHelper.java:613)
	at com.peng.sms.util.MailUtil.sendEmail(MailUtil.java:37)
	at sun.reflect.NativeMethodAccessorImpl.invoke0(Native Method)
	at sun.reflect.NativeMethodAccessorImpl.invoke(NativeMethodAccessorImpl.java:62)
	at sun.reflect.DelegatingMethodAccessorImpl.invoke(DelegatingMethodAccessorImpl.java:43)
	at java.lang.reflect.Method.invoke(Method.java:498)
	at org.springframework.util.ReflectionUtils.invokeMethod(ReflectionUtils.java:282)
	at org.springframework.cloud.context.scope.GenericScope$LockedScopedProxyFactoryBean.invoke(GenericScope.java:499)
	at org.springframework.aop.framework.ReflectiveMethodInvocation.proceed(ReflectiveMethodInvocation.java:186)
	at org.springframework.aop.framework.CglibAopProxy$CglibMethodInvocation.proceed(CglibAopProxy.java:753)
	at org.springframework.aop.framework.CglibAopProxy$DynamicAdvisedInterceptor.intercept(CglibAopProxy.java:698)
	at com.peng.sms.util.MailUtil$$EnhancerBySpringCGLIB$$ef495f7c.sendEmail(<generated>)
	at com.peng.sms.task.MonitorClientBalanceTask.monitor(MonitorClientBalanceTask.java:52)
	... 6 more
<br>----------- xxl-job job execute end(error) -----------
2025-09-28 11:40:46 [com.xxl.job.core.thread.TriggerCallbackThread#callbackLog]-[197]-[xxl-job, executor TriggerCallbackThread] <br>----------- xxl-job job callback finish.
