2025-09-28 11:41:35 [com.xxl.job.core.thread.JobThread#run]-[130]-[Thread-32] <br>----------- xxl-job job execute start -----------<br>----------- Param:
2025-09-28 11:42:35 [com.xxl.job.core.thread.JobThread#run]-[201]-[Thread-32] <br>----------- JobThread Exception:java.lang.reflect.InvocationTargetException
	at sun.reflect.NativeMethodAccessorImpl.invoke0(Native Method)
	at sun.reflect.NativeMethodAccessorImpl.invoke(NativeMethodAccessorImpl.java:62)
	at sun.reflect.DelegatingMethodAccessorImpl.invoke(DelegatingMethodAccessorImpl.java:43)
	at java.lang.reflect.Method.invoke(Method.java:498)
	at com.xxl.job.core.handler.impl.MethodJobHandler.execute(MethodJobHandler.java:31)
	at com.xxl.job.core.thread.JobThread.run(JobThread.java:163)
Caused by: feign.FeignException$InternalServerError: [500] during [GET] to [http://beacon-cache/cache/hgetall/client_balance%3A1] [CacheClient#hGetAll(String)]: [{"timestamp":"2025-09-28T10:41:41.934+00:00","status":500,"error":"Internal Server Error","message":"","path":"/cache/hgetall/client_balance%3A1"}]
	at feign.FeignException.serverErrorStatus(FeignException.java:231)
	at feign.FeignException.errorStatus(FeignException.java:180)
	at feign.FeignException.errorStatus(FeignException.java:169)
	at feign.codec.ErrorDecoder$Default.decode(ErrorDecoder.java:92)
	at feign.AsyncResponseHandler.handleResponse(AsyncResponseHandler.java:96)
	at feign.SynchronousMethodHandler.executeAndDecode(SynchronousMethodHandler.java:138)
	at feign.SynchronousMethodHandler.invoke(SynchronousMethodHandler.java:89)
	at feign.ReflectiveFeign$FeignInvocationHandler.invoke(ReflectiveFeign.java:100)
	at com.sun.proxy.$Proxy76.hGetAll(Unknown Source)
	at com.peng.sms.task.MonitorClientBalanceTask.monitor(MonitorClientBalanceTask.java:46)
	... 6 more
<br>----------- xxl-job job execute end(error) -----------
2025-09-28 11:42:35 [com.xxl.job.core.thread.TriggerCallbackThread#callbackLog]-[197]-[xxl-job, executor TriggerCallbackThread] <br>----------- xxl-job job callback finish.
